<?xml version="1.0" encoding="UTF-8"?>
<testng-results total="2" passed="2" failed="0" skipped="0">
  <reporter-output>
  </reporter-output>
  <suite started-at="2021-03-22T05:34:44Z" name="Lufthansa Application Test Suite" finished-at="2021-03-22T05:35:06Z" duration-ms="22095">
    <groups>
    </groups>
    <test started-at="2021-03-22T05:34:44Z" name="Lufthansa Test" finished-at="2021-03-22T05:35:06Z" duration-ms="22095">
      <class name="com.lufthansa.test.LoginPageTest">
        <test-method is-config="true" signature="SetUp()[pri:0, instance:com.lufthansa.test.LoginPageTest@6913c1fb]" started-at="2021-03-22T11:04:44Z" name="SetUp" finished-at="2021-03-22T11:04:55Z" duration-ms="10898" status="PASS">
          <reporter-output>
          </reporter-output>
        </test-method> <!-- SetUp -->
        <test-method signature="CheckLoginPageTitle()[pri:0, instance:com.lufthansa.test.LoginPageTest@6913c1fb]" started-at="2021-03-22T11:04:55Z" name="CheckLoginPageTitle" finished-at="2021-03-22T11:04:55Z" duration-ms="29" status="PASS">
          <reporter-output>
          </reporter-output>
        </test-method> <!-- CheckLoginPageTitle -->
        <test-method is-config="true" signature="TearDown()[pri:0, instance:com.lufthansa.test.LoginPageTest@6913c1fb]" started-at="2021-03-22T11:04:56Z" name="TearDown" finished-at="2021-03-22T11:04:57Z" duration-ms="671" status="PASS">
          <reporter-output>
          </reporter-output>
        </test-method> <!-- TearDown -->
        <test-method is-config="true" signature="SetUp()[pri:0, instance:com.lufthansa.test.LoginPageTest@6913c1fb]" started-at="2021-03-22T11:04:57Z" name="SetUp" finished-at="2021-03-22T11:05:03Z" duration-ms="6952" status="PASS">
          <reporter-output>
          </reporter-output>
        </test-method> <!-- SetUp -->
        <test-method signature="Login()[pri:0, instance:com.lufthansa.test.LoginPageTest@6913c1fb]" started-at="2021-03-22T11:05:03Z" name="Login" finished-at="2021-03-22T11:05:05Z" duration-ms="1713" status="PASS">
          <reporter-output>
          </reporter-output>
        </test-method> <!-- Login -->
        <test-method is-config="true" signature="TearDown()[pri:0, instance:com.lufthansa.test.LoginPageTest@6913c1fb]" started-at="2021-03-22T11:05:06Z" name="TearDown" finished-at="2021-03-22T11:05:06Z" duration-ms="668" status="PASS">
          <reporter-output>
          </reporter-output>
        </test-method> <!-- TearDown -->
      </class> <!-- com.lufthansa.test.LoginPageTest -->
    </test> <!-- Lufthansa Test -->
  </suite> <!-- Lufthansa Application Test Suite -->
</testng-results>
