<?xml version="1.0" encoding="UTF-8"?>
<testsuite xmlns:xsi="http://www.w3.org/2001/XMLSchema-instance" xsi:noNamespaceSchemaLocation="https://maven.apache.org/surefire/maven-surefire-plugin/xsd/surefire-test-report-3.0.xsd" version="3.0" name="TestSuite" time="23.03" tests="2" errors="0" skipped="0" failures="0">
  <properties>
[...]
</properties>
  <testcase name="CheckLoginPageTitle" classname="com.lufthansa.test.LoginPageTest" time="0.011">
    <system-out><![CDATA[Directory already exists: C:\Users\SINDHU\eclipse-workspace\LufthansaProject\TestReport
Directory already exists: C:\Users\SINDHU\eclipse-workspace\LufthansaProject\TestReport\Screenshots
C:\Users\SINDHU\eclipse-workspace\LufthansaProject\TestReport\Extent-Report.html
...
... TestNG 6.8beta 20120825_1010 by C�dric Beust (cedric@beust.com)
...

*** Test Suite Lufthansa Test started ***
C:\Users\SINDHU\eclipse-workspace\LufthansaProject\TestReport\Screenshots\CheckLoginPageTitle.png
C:\Users\SINDHU\eclipse-workspace\LufthansaProject\TestReport\Screenshots\Login.png
Before navigating to: 'https://www.lufthansa.com/us/en/login'
Navigated to:'https://www.lufthansa.com/us/en/login'
*** Running test method CheckLoginPageTitle...
Login Page Title: Login | Lufthansa
]]></system-out>
    <system-err><![CDATA[Starting ChromeDriver 88.0.4324.96 (68dba2d8a0b149a1d3afac56fa74648032bcf46b-refs/branch-heads/4324@{#1784}) on port 6194
Only local connections are allowed.
Please see https://chromedriver.chromium.org/security-considerations for suggestions on keeping ChromeDriver safe.
ChromeDriver was started successfully.
[1616391286.255][WARNING]: This version of ChromeDriver has not been tested with Chrome version 89.
Mar 22, 2021 11:04:46 AM org.openqa.selenium.remote.ProtocolHandshake createSession
INFO: Detected dialect: W3C
]]></system-err>
  </testcase>
  <testcase name="Login" classname="com.lufthansa.test.LoginPageTest" time="1.708">
    <system-out><![CDATA[*** Executed CheckLoginPageTitle test successfully...
Before navigating to: 'https://www.lufthansa.com/us/en/login'
Navigated to:'https://www.lufthansa.com/us/en/login'
*** Running test method Login...
Trying to find Element By : By.xpath: //button[@id='cm-acceptAll']
Found Element By : By.xpath: //button[@id='cm-acceptAll']
Trying to click on: [[ChromeDriver: chrome on WINDOWS (0f38359f795e828617309cd926fe4fbf)] -> xpath: //button[@id='cm-acceptAll']]
Clicked on: [[ChromeDriver: chrome on WINDOWS (0f38359f795e828617309cd926fe4fbf)] -> xpath: //button[@id='cm-acceptAll']]
Trying to find Element By : By.xpath: //input[@placeholder='E-Mail address']
Found Element By : By.xpath: //input[@placeholder='E-Mail address']
Trying to find Element By : By.xpath: //input[@placeholder='Password']
Found Element By : By.xpath: //input[@placeholder='Password']
Trying to find Element By : By.xpath: //button[@class='btn btn-primary mb-5']/span[contains(text(),'Login')]
Found Element By : By.xpath: //button[@class='btn btn-primary mb-5']/span[contains(text(),'Login')]
Trying to click on: [[ChromeDriver: chrome on WINDOWS (0f38359f795e828617309cd926fe4fbf)] -> xpath: //button[@class='btn btn-primary mb-5']/span[contains(text(),'Login')]]
Clicked on: [[ChromeDriver: chrome on WINDOWS (0f38359f795e828617309cd926fe4fbf)] -> xpath: //button[@class='btn btn-primary mb-5']/span[contains(text(),'Login')]]
Trying to find Element By : By.xpath: //div[contains(text(),'You are not authorized to access this resource.')]
Found Element By : By.xpath: //div[contains(text(),'You are not authorized to access this resource.')]
]]></system-out>
    <system-err><![CDATA[Starting ChromeDriver 88.0.4324.96 (68dba2d8a0b149a1d3afac56fa74648032bcf46b-refs/branch-heads/4324@{#1784}) on port 16091
Only local connections are allowed.
Please see https://chromedriver.chromium.org/security-considerations for suggestions on keeping ChromeDriver safe.
ChromeDriver was started successfully.
[1616391298.045][WARNING]: This version of ChromeDriver has not been tested with Chrome version 89.
Mar 22, 2021 11:04:58 AM org.openqa.selenium.remote.ProtocolHandshake createSession
INFO: Detected dialect: W3C
]]></system-err>
  </testcase>
</testsuite>