<?xml version="1.0" encoding="UTF-8"?>
<testng-results total="1" passed="1" failed="0" skipped="0">
  <reporter-output>
  </reporter-output>
  <suite started-at="2021-03-17T10:15:22Z" name="Default suite" finished-at="2021-03-17T10:15:43Z" duration-ms="20933">
    <groups>
    </groups>
    <test started-at="2021-03-17T10:15:22Z" name="Default test" finished-at="2021-03-17T10:15:43Z" duration-ms="20933">
      <class name="com.lufthanza.test.LoginPageTest">
        <test-method is-config="true" signature="SetUp()[pri:0, instance:com.lufthanza.test.LoginPageTest@14d3bc22]" started-at="2021-03-17T15:45:22Z" name="SetUp" finished-at="2021-03-17T15:45:41Z" duration-ms="19005" status="PASS">
          <reporter-output>
          </reporter-output>
        </test-method> <!-- SetUp -->
        <test-method signature="Login()[pri:0, instance:com.lufthanza.test.LoginPageTest@14d3bc22]" started-at="2021-03-17T15:45:41Z" name="Login" finished-at="2021-03-17T15:45:43Z" duration-ms="1912" status="PASS">
          <reporter-output>
          </reporter-output>
        </test-method> <!-- Login -->
        <test-method is-config="true" signature="TearDown()[pri:0, instance:com.lufthanza.test.LoginPageTest@14d3bc22]" started-at="2021-03-17T15:45:43Z" name="TearDown" finished-at="2021-03-17T15:45:43Z" duration-ms="0" status="PASS">
          <reporter-output>
          </reporter-output>
        </test-method> <!-- TearDown -->
      </class> <!-- com.lufthanza.test.LoginPageTest -->
    </test> <!-- Default test -->
  </suite> <!-- Default suite -->
</testng-results>
